{
"contracts/Unicerts.sol":{"l":{"31":3,"42":17,"43":13,"47":19,"48":18,"59":3,"64":2,"74":5,"79":4,"84":3,"92":1,"105":3,"116":7,"120":6,"125":5,"128":5,"130":5,"132":5,"133":5,"134":5,"137":5,"141":5,"150":36,"154":35,"159":34,"161":34,"162":34,"164":34,"172":18,"177":17,"178":17,"181":17,"183":17,"192":4,"196":3,"201":2,"202":2,"204":2,"213":5,"214":4,"219":3,"221":3,"224":3,"226":3,"235":2,"240":1},"path":"/home/runner/work/unicerts/unicerts/contracts/Unicerts.sol","s":{"1":17,"2":19,"3":3,"4":2,"5":5,"6":4,"7":3,"8":1,"9":3,"10":7,"11":6,"12":5,"13":5,"14":5,"15":5,"16":5,"17":36,"18":35,"19":34,"20":34,"21":34,"22":18,"23":17,"24":17,"25":17,"26":4,"27":3,"28":2,"29":5,"30":4,"31":3,"32":3,"33":3,"34":2,"35":1},"b":{"1":[13,4],"2":[18,1],"3":[2,1],"4":[4,1],"5":[1,3],"6":[3,1],"7":[1,1],"8":[3,1],"9":[6,1],"10":[3,3],"11":[5,1],"12":[35,1],"13":[34,1],"14":[18,1],"15":[17,1],"16":[4,1],"17":[3,1],"18":[2,1],"19":[5,1],"20":[4,1],"21":[3,1],"22":[1,1]},"f":{"1":3,"2":17,"3":19,"4":3,"5":5,"6":1,"7":3,"8":7,"9":36,"10":18,"11":4,"12":5,"13":2},"fnMap":{"1":{"name":"constructor","line":30,"loc":{"start":{"line":30,"column":4},"end":{"line":32,"column":4}}},"2":{"name":"onlyAdmin","line":41,"loc":{"start":{"line":41,"column":4},"end":{"line":44,"column":4}}},"3":{"name":"onlyStudent","line":46,"loc":{"start":{"line":46,"column":4},"end":{"line":49,"column":4}}},"4":{"name":"getCertificate","line":56,"loc":{"start":{"line":56,"column":4},"end":{"line":65,"column":4}}},"5":{"name":"getStudent","line":71,"loc":{"start":{"line":71,"column":4},"end":{"line":85,"column":4}}},"6":{"name":"getStudents","line":91,"loc":{"start":{"line":91,"column":4},"end":{"line":93,"column":4}}},"7":{"name":"getCertificates","line":102,"loc":{"start":{"line":99,"column":4},"end":{"line":106,"column":4}}},"8":{"name":"getStudentCertificates","line":113,"loc":{"start":{"line":113,"column":4},"end":{"line":142,"column":4}}},"9":{"name":"addStudent","line":149,"loc":{"start":{"line":149,"column":4},"end":{"line":165,"column":4}}},"10":{"name":"requestCertificate","line":171,"loc":{"start":{"line":171,"column":4},"end":{"line":184,"column":4}}},"11":{"name":"reviewCertificate","line":191,"loc":{"start":{"line":191,"column":4},"end":{"line":205,"column":4}}},"12":{"name":"issueCertificate","line":212,"loc":{"start":{"line":212,"column":4},"end":{"line":227,"column":4}}},"13":{"name":"checkCertificateValidity","line":234,"loc":{"start":{"line":234,"column":4},"end":{"line":241,"column":4}}}},"statementMap":{"1":{"start":{"line":42,"column":8},"end":{"line":42,"column":59}},"2":{"start":{"line":47,"column":8},"end":{"line":47,"column":74}},"3":{"start":{"line":59,"column":8},"end":{"line":59,"column":1746}},"4":{"start":{"line":64,"column":8},"end":{"line":64,"column":57}},"5":{"start":{"line":74,"column":8},"end":{"line":74,"column":2146}},"6":{"start":{"line":79,"column":8},"end":{"line":79,"column":2289}},"7":{"start":{"line":84,"column":8},"end":{"line":84,"column":57}},"8":{"start":{"line":92,"column":8},"end":{"line":92,"column":23}},"9":{"start":{"line":105,"column":8},"end":{"line":105,"column":27}},"10":{"start":{"line":116,"column":8},"end":{"line":116,"column":3363}},"11":{"start":{"line":120,"column":8},"end":{"line":120,"column":3505}},"12":{"start":{"line":125,"column":8},"end":{"line":125,"column":3637}},"13":{"start":{"line":128,"column":8},"end":{"line":128,"column":45}},"14":{"start":{"line":130,"column":8},"end":{"line":130,"column":73}},"15":{"start":{"line":133,"column":12},"end":{"line":133,"column":3880}},"16":{"start":{"line":141,"column":8},"end":{"line":141,"column":27}},"17":{"start":{"line":150,"column":8},"end":{"line":150,"column":4307}},"18":{"start":{"line":154,"column":8},"end":{"line":154,"column":4428}},"19":{"start":{"line":161,"column":8},"end":{"line":161,"column":49}},"20":{"start":{"line":162,"column":8},"end":{"line":162,"column":53}},"21":{"start":{"line":164,"column":8},"end":{"line":164,"column":40}},"22":{"start":{"line":172,"column":8},"end":{"line":172,"column":4982}},"23":{"start":{"line":178,"column":8},"end":{"line":178,"column":67}},"24":{"start":{"line":181,"column":8},"end":{"line":181,"column":68}},"25":{"start":{"line":183,"column":8},"end":{"line":183,"column":48}},"26":{"start":{"line":192,"column":8},"end":{"line":192,"column":5717}},"27":{"start":{"line":196,"column":8},"end":{"line":196,"column":5839}},"28":{"start":{"line":204,"column":8},"end":{"line":204,"column":44}},"29":{"start":{"line":213,"column":8},"end":{"line":213,"column":76}},"30":{"start":{"line":214,"column":8},"end":{"line":214,"column":6518}},"31":{"start":{"line":221,"column":8},"end":{"line":221,"column":64}},"32":{"start":{"line":224,"column":8},"end":{"line":224,"column":65}},"33":{"start":{"line":226,"column":8},"end":{"line":226,"column":43}},"34":{"start":{"line":235,"column":8},"end":{"line":235,"column":7235}},"35":{"start":{"line":240,"column":8},"end":{"line":240,"column":68}}},"branchMap":{"1":{"line":42,"type":"if","locations":[{"start":{"line":42,"column":8},"end":{"line":42,"column":8}},{"start":{"line":42,"column":8},"end":{"line":42,"column":8}}]},"2":{"line":47,"type":"if","locations":[{"start":{"line":47,"column":8},"end":{"line":47,"column":8}},{"start":{"line":47,"column":8},"end":{"line":47,"column":8}}]},"3":{"line":59,"type":"if","locations":[{"start":{"line":59,"column":8},"end":{"line":59,"column":8}},{"start":{"line":59,"column":8},"end":{"line":59,"column":8}}]},"4":{"line":74,"type":"if","locations":[{"start":{"line":74,"column":8},"end":{"line":74,"column":8}},{"start":{"line":74,"column":8},"end":{"line":74,"column":8}}]},"5":{"line":75,"type":"cond-expr","locations":[{"start":{"line":75,"column":12},"end":{"line":75,"column":36}},{"start":{"line":75,"column":41},"end":{"line":75,"column":59}}]},"6":{"line":79,"type":"if","locations":[{"start":{"line":79,"column":8},"end":{"line":79,"column":8}},{"start":{"line":79,"column":8},"end":{"line":79,"column":8}}]},"7":{"line":91,"type":"if","locations":[{"start":{"line":91,"column":39},"end":{"line":91,"column":39}},{"start":{"line":91,"column":39},"end":{"line":91,"column":39}}]},"8":{"line":102,"type":"if","locations":[{"start":{"line":102,"column":8},"end":{"line":102,"column":8}},{"start":{"line":102,"column":8},"end":{"line":102,"column":8}}]},"9":{"line":116,"type":"if","locations":[{"start":{"line":116,"column":8},"end":{"line":116,"column":8}},{"start":{"line":116,"column":8},"end":{"line":116,"column":8}}]},"10":{"line":117,"type":"cond-expr","locations":[{"start":{"line":117,"column":12},"end":{"line":117,"column":36}},{"start":{"line":117,"column":41},"end":{"line":117,"column":59}}]},"11":{"line":120,"type":"if","locations":[{"start":{"line":120,"column":8},"end":{"line":120,"column":8}},{"start":{"line":120,"column":8},"end":{"line":120,"column":8}}]},"12":{"line":150,"type":"if","locations":[{"start":{"line":150,"column":8},"end":{"line":150,"column":8}},{"start":{"line":150,"column":8},"end":{"line":150,"column":8}}]},"13":{"line":154,"type":"if","locations":[{"start":{"line":154,"column":8},"end":{"line":154,"column":8}},{"start":{"line":154,"column":8},"end":{"line":154,"column":8}}]},"14":{"line":171,"type":"if","locations":[{"start":{"line":171,"column":52},"end":{"line":171,"column":52}},{"start":{"line":171,"column":52},"end":{"line":171,"column":52}}]},"15":{"line":172,"type":"if","locations":[{"start":{"line":172,"column":8},"end":{"line":172,"column":8}},{"start":{"line":172,"column":8},"end":{"line":172,"column":8}}]},"16":{"line":191,"type":"if","locations":[{"start":{"line":191,"column":65},"end":{"line":191,"column":65}},{"start":{"line":191,"column":65},"end":{"line":191,"column":65}}]},"17":{"line":192,"type":"if","locations":[{"start":{"line":192,"column":8},"end":{"line":192,"column":8}},{"start":{"line":192,"column":8},"end":{"line":192,"column":8}}]},"18":{"line":196,"type":"if","locations":[{"start":{"line":196,"column":8},"end":{"line":196,"column":8}},{"start":{"line":196,"column":8},"end":{"line":196,"column":8}}]},"19":{"line":212,"type":"if","locations":[{"start":{"line":212,"column":67},"end":{"line":212,"column":67}},{"start":{"line":212,"column":67},"end":{"line":212,"column":67}}]},"20":{"line":213,"type":"if","locations":[{"start":{"line":213,"column":8},"end":{"line":213,"column":8}},{"start":{"line":213,"column":8},"end":{"line":213,"column":8}}]},"21":{"line":214,"type":"if","locations":[{"start":{"line":214,"column":8},"end":{"line":214,"column":8}},{"start":{"line":214,"column":8},"end":{"line":214,"column":8}}]},"22":{"line":235,"type":"if","locations":[{"start":{"line":235,"column":8},"end":{"line":235,"column":8}},{"start":{"line":235,"column":8},"end":{"line":235,"column":8}}]}}}}
