TN:
SF:/home/cyberjoe/eth-projects/unicerts/contracts/Unicerts.sol
FN:30,constructor
FN:41,onlyAdmin
FN:46,onlyStudent
FN:56,getCertificate
FN:71,getStudent
FN:91,getStudents
FN:102,getCertificates
FN:113,getStudentCertificates
FN:149,addStudent
FN:171,requestCertificate
FN:191,reviewCertificate
FN:212,issueCertificate
FN:234,checkCertificateValidity
FNF:13
FNH:13
FNDA:3,constructor
FNDA:17,onlyAdmin
FNDA:19,onlyStudent
FNDA:3,getCertificate
FNDA:5,getStudent
FNDA:1,getStudents
FNDA:3,getCertificates
FNDA:7,getStudentCertificates
FNDA:36,addStudent
FNDA:18,requestCertificate
FNDA:4,reviewCertificate
FNDA:5,issueCertificate
FNDA:2,checkCertificateValidity
DA:31,3
DA:42,17
DA:43,13
DA:47,19
DA:48,18
DA:59,3
DA:64,2
DA:74,5
DA:79,4
DA:84,3
DA:92,1
DA:105,3
DA:116,7
DA:120,6
DA:125,5
DA:128,5
DA:130,5
DA:132,5
DA:133,5
DA:134,5
DA:137,5
DA:141,5
DA:150,36
DA:154,35
DA:159,34
DA:161,34
DA:162,34
DA:164,34
DA:172,18
DA:177,17
DA:178,17
DA:181,17
DA:183,17
DA:192,4
DA:196,3
DA:201,2
DA:202,2
DA:204,2
DA:213,5
DA:214,4
DA:219,3
DA:221,3
DA:224,3
DA:226,3
DA:235,2
DA:240,1
LF:46
LH:46
BRDA:42,1,0,13
BRDA:42,1,1,4
BRDA:47,2,0,18
BRDA:47,2,1,1
BRDA:59,3,0,2
BRDA:59,3,1,1
BRDA:74,4,0,4
BRDA:74,4,1,1
BRDA:75,5,0,1
BRDA:75,5,1,3
BRDA:79,6,0,3
BRDA:79,6,1,1
BRDA:91,7,0,1
BRDA:91,7,1,1
BRDA:102,8,0,3
BRDA:102,8,1,1
BRDA:116,9,0,6
BRDA:116,9,1,1
BRDA:117,10,0,3
BRDA:117,10,1,3
BRDA:120,11,0,5
BRDA:120,11,1,1
BRDA:150,12,0,35
BRDA:150,12,1,1
BRDA:154,13,0,34
BRDA:154,13,1,1
BRDA:171,14,0,18
BRDA:171,14,1,1
BRDA:172,15,0,17
BRDA:172,15,1,1
BRDA:191,16,0,4
BRDA:191,16,1,1
BRDA:192,17,0,3
BRDA:192,17,1,1
BRDA:196,18,0,2
BRDA:196,18,1,1
BRDA:212,19,0,5
BRDA:212,19,1,1
BRDA:213,20,0,4
BRDA:213,20,1,1
BRDA:214,21,0,3
BRDA:214,21,1,1
BRDA:235,22,0,1
BRDA:235,22,1,1
BRF:44
BRH:44
end_of_record
